app/seeds.txt
com.example.retrofitrxjava.activity.DetailActivity: void add(android.view.View)
com.example.retrofitrxjava.activity.DetailActivity: DetailActivity()
com.example.retrofitrxjava.activity.LoginActivity
com.example.retrofitrxjava.activity.DetailActivity: void push(android.view.View)
com.example.retrofitrxjava.activity.CartActivity: CartActivity()
com.example.retrofitrxjava.database.AppDatabase_Impl: AppDatabase_Impl()
com.example.retrofitrxjava.activity.HomeActivity: HomeActivity()
com.example.retrofitrxjava.activity.AppCompatAct
com.example.retrofitrxjava.activity.CartActivity
com.example.retrofitrxjava.activity.HomeActivity
com.example.retrofitrxjava.database.AppDatabase
com.example.retrofitrxjava.activity.LoginActivity: LoginActivity()
com.example.retrofitrxjava.activity.DetailActivity
com.example.retrofitrxjava.database.AppDatabase_Impl
com.example.retrofitrxjava.database.AppDatabase: AppDatabase()
com.example.retrofitrxjava.activity.LoginActivity: void onClick(android.view.View)
com.example.retrofitrxjava.activity.AppCompatAct: AppCompatAct()
...
com.google.protobuf.NullValue: com.google.protobuf.Internal$EnumVerifier internalGetVerifier()
androidx.biometric.R$id: int search_mag_icon
com.google.android.material.R$id: int mtrl_card_checked_layer_id
com.google.android.material.R$styleable: int SearchView_goIcon
com.google.gson.internal.bind.JsonTreeWriter: void flush()
com.google.android.material.R$dimen: int mtrl_calendar_days_of_week_height
com.google.android.material.R$styleable: int Badge_badgeTextColor
io.grpc.ConnectivityState: ConnectivityState(java.lang.String,int)
com.squareup.okhttp.Protocol: java.lang.String toString()
androidx.appcompat.R$styleable: int AppCompatTheme_colorError
androidx.constraintlayout.widget.R$styleable: int LinearConstraintLayout_android_orientation
androidx.transition.R$id: int action_image
com.google.android.material.R$style: int Base_TextAppearance_AppCompat_Title_Inverse
androidx.appcompat.widget.AppCompatImageView: void setSupportImageTintMode(android.graphics.PorterDuff$Mode)
com.google.android.material.R$dimen: int abc_text_size_subtitle_material_toolbar
com.google.android.material.R$dimen: int mtrl_extended_fab_end_padding_icon
androidx.constraintlayout.widget.Guideline: void setGuidelineEnd(int)
androidx.biometric.R$style: int RtlOverlay_Widget_AppCompat_PopupMenuItem_Title
androidx.appcompat.R$style: int Base_TextAppearance_Widget_AppCompat_ExpandedMenu_Item
com.google.android.material.card.MaterialCardView: android.graphics.drawable.Drawable getCheckedIcon()
com.google.gson.internal.bind.JsonAdapterAnnotationTypeAdapterFactory: com.google.gson.internal.ConstructorConstructor constructorConstructor
com.google.android.material.R$dimen: int abc_alert_dialog_button_bar_height
androidx.appcompat.R$attr: int paddingBottomNoButtons
com.google.android.material.bottomappbar.BottomAppBar: void setCradleVerticalOffset(float)
androidx.fragment.app.Fragment$SavedState: android.os.Parcelable$Creator CREATOR
com.google.firebase.firestore.remote.ConnectivityMonitor$NetworkStatus: com.google.firebase.firestore.remote.ConnectivityMonitor$NetworkStatus[] $VALUES
androidx.appcompat.R$styleable: int[] ViewBackgroundHelper
androidx.appcompat.R$id: int action_bar_activity_content
com.google.android.material.R$color: int design_default_color_primary
com.google.android.material.R$drawable: int abc_switch_thumb_material
com.google.android.material.R$style: int Base_ThemeOverlay_MaterialComponents_Dialog_Alert
androidx.work.ExistingWorkPolicy
com.google.firestore.v1.ArrayValue: com.google.protobuf.Internal$ProtobufList values_
androidx.biometric.R$color: int primary_text_default_material_light
com.google.gson.JsonObject
com.google.gson.internal.ConstructorConstructor: com.google.gson.internal.reflect.ReflectionAccessor accessor
com.google.gson.stream.JsonReader: int PEEKED_TRUE
com.google.gson.JsonArray: void addAll(com.google.gson.JsonArray)
com.google.firebase.firestore.DocumentSnapshot$ServerTimestampBehavior: com.google.firebase.firestore.DocumentSnapshot$ServerTimestampBehavior DEFAULT
com.google.android.material.R$style: int TextAppearance_AppCompat_Widget_ActionBar_Title
androidx.coordinatorlayout.R$styleable: int CoordinatorLayout_Layout_layout_anchorGravity
com.google.android.material.R$id: int forever
io.grpc.okhttp.internal.CipherSuite: io.grpc.okhttp.internal.CipherSuite TLS_DHE_DSS_WITH_AES_256_GCM_SHA384
androidx.appcompat.widget.Toolbar: int getTitleMarginStart()
androidx.appcompat.R$attr: int paddingStart
com.google.gson.annotations.Since: double value()
androidx.appcompat.widget.Toolbar: android.content.Context getPopupContext()
com.google.android.material.R$styleable: int AppCompatTheme_actionBarTabStyle
com.google.android.material.button.MaterialButton: void setRippleColorResource(int)
com.google.android.material.R$attr: int bottomSheetDialogTheme
androidx.appcompat.widget.Toolbar: void setNavigationContentDescription(java.lang.CharSequence)
androidx.appcompat.R$dimen: int abc_action_button_min_height_material