app/unused.txt
com.example.retrofitrxjava.R$layout
com.example.retrofitrxjava.databinding.ActivityCartBindingImpl
    protected boolean onFieldChange(int,java.lang.Object,int)
com.example.retrofitrxjava.databinding.DialogRegisterBinding
    public static com.example.retrofitrxjava.databinding.DialogRegisterBinding inflate(android.view.LayoutInflater,android.view.ViewGroup,boolean)
    public static com.example.retrofitrxjava.databinding.DialogRegisterBinding inflate(android.view.LayoutInflater,android.view.ViewGroup,boolean,java.lang.Object)
    public static com.example.retrofitrxjava.databinding.DialogRegisterBinding inflate(android.view.LayoutInflater)
    public static com.example.retrofitrxjava.databinding.DialogRegisterBinding inflate(android.view.LayoutInflater,java.lang.Object)
    public static com.example.retrofitrxjava.databinding.DialogRegisterBinding bind(android.view.View)
    public static com.example.retrofitrxjava.databinding.DialogRegisterBinding bind(android.view.View,java.lang.Object)
com.example.retrofitrxjava.Article
com.example.retrofitrxjava.databinding.ActivityDetailTruyenBinding
    public static com.example.retrofitrxjava.databinding.ActivityDetailTruyenBinding inflate(android.view.LayoutInflater,android.view.ViewGroup,boolean)
    public static com.example.retrofitrxjava.databinding.ActivityDetailTruyenBinding inflate(android.view.LayoutInflater,android.view.ViewGroup,boolean,java.lang.Object)
    public static com.example.retrofitrxjava.databinding.ActivityDetailTruyenBinding inflate(android.view.LayoutInflater)
    public static com.example.retrofitrxjava.databinding.ActivityDetailTruyenBinding inflate(android.view.LayoutInflater,java.lang.Object)
    public static com.example.retrofitrxjava.databinding.ActivityDetailTruyenBinding bind(android.view.View)
    public static com.example.retrofitrxjava.databinding.ActivityDetailTruyenBinding bind(android.view.View,java.lang.Object)
    public com.example.retrofitrxjava.Product getItem()
com.example.retrofitrxjava.BR
com.example.retrofitrxjava.R
com.example.retrofitrxjava.R$color
com.example.retrofitrxjava.Product
    public void <init>(int,java.lang.String,java.lang.String,java.lang.String,java.lang.String,java.lang.String,java.lang.String,int,java.lang.String,java.lang.String,int)
com.example.retrofitrxjava.databinding.LayoutRecruitmentBinding
    public static com.example.retrofitrxjava.databinding.LayoutRecruitmentBinding inflate(android.view.LayoutInflater,android.view.ViewGroup,boolean)
    public static com.example.retrofitrxjava.databinding.LayoutRecruitmentBinding inflate(android.view.LayoutInflater,android.view.ViewGroup,boolean,java.lang.Object)
    public static com.example.retrofitrxjava.databinding.LayoutRecruitmentBinding inflate(android.view.LayoutInflater)
    public static com.example.retrofitrxjava.databinding.LayoutRecruitmentBinding inflate(android.view.LayoutInflater,java.lang.Object)
    public static com.example.retrofitrxjava.databinding.LayoutRecruitmentBinding bind(android.view.View)
    public static com.example.retrofitrxjava.databinding.LayoutRecruitmentBinding bind(android.view.View,java.lang.Object)
com.example.retrofitrxjava.R$style
com.example.retrofitrxjava.databinding.ActivityDetailTruyenBindingImpl
    protected boolean onFieldChange(int,java.lang.Object,int)
com.example.retrofitrxjava.R$bool
...
androidx.core.app.ActivityRecreator
    private void <init>()
    private static final java.lang.String LOG_TAG
com.google.android.material.tabs.TabLayout$AdapterChangeListener
androidx.databinding.library.baseAdapters.BuildConfig
com.google.api.Backend$1
com.google.common.util.concurrent.ServiceManager$Listener
com.google.firebase.firestore.index.FirestoreIndexValueWriter
com.google.common.cache.CacheBuilderSpec$IntegerParser
androidx.databinding.BaseObservable
    public void addOnPropertyChangedCallback(androidx.databinding.Observable$OnPropertyChangedCallback)
    public void removeOnPropertyChangedCallback(androidx.databinding.Observable$OnPropertyChangedCallback)
    public void notifyChange()
com.google.android.gms.maps.zzaf
androidx.databinding.ObservableParcelable$1
com.google.firestore.v1.GetDocumentRequestOrBuilder
com.google.android.material.shape.MaterialShapeDrawable$CompatibilityShadowMode
androidx.annotation.IntegerRes
com.tbruyelle.rxpermissions2.Permission$4
com.bumptech.glide.R$layout
com.androidnetworking.internal.ResponseProgressBody$1
com.google.common.graph.StandardValueGraph$1
io.grpc.stub.ServerCalls$UnaryServerCallHandler
com.google.common.collect.ImmutableCollection
    public com.google.common.collect.ImmutableList asList()
    java.lang.Object writeReplace()
    public synthetic bridge java.util.Iterator iterator()
com.squareup.okhttp.RequestBody$1
com.squareup.okhttp.internal.framed.PushObserver
com.google.api.Distribution$BucketOptions$Builder
io.grpc.ForwardingChannelBuilder
    public static io.grpc.ManagedChannelBuilder forAddress(java.lang.String,int)
    public static io.grpc.ManagedChannelBuilder forTarget(java.lang.String)
    public io.grpc.ForwardingChannelBuilder directExecutor()
    public io.grpc.ForwardingChannelBuilder executor(java.util.concurrent.Executor)
    public io.grpc.ForwardingChannelBuilder offloadExecutor(java.util.concurrent.Executor)
    public io.grpc.ForwardingChannelBuilder intercept(java.util.List)
    public varargs io.grpc.ForwardingChannelBuilder intercept(io.grpc.ClientInterceptor[])
    public io.grpc.ForwardingChannelBuilder userAgent(java.lang.String)
    public io.grpc.ForwardingChannelBuilder overrideAuthority(java.lang.String)
    public io.grpc.ForwardingChannelBuilder useTransportSecurity()
    public io.grpc.ForwardingChannelBuilder nameResolverFactory(io.grpc.NameResolver$Factory)
    public io.grpc.ForwardingChannelBuilder defaultLoadBalancingPolicy(java.lang.String)
    public io.grpc.ForwardingChannelBuilder enableFullStreamDecompression()
    public io.grpc.ForwardingChannelBuilder decompressorRegistry(io.grpc.DecompressorRegistry)
    public io.grpc.ForwardingChannelBuilder compressorRegistry(io.grpc.CompressorRegistry)
    public io.grpc.ForwardingChannelBuilder idleTimeout(long,java.util.concurrent.TimeUnit)
    public io.grpc.ForwardingChannelBuilder maxInboundMessageSize(int)
    public io.grpc.ForwardingChannelBuilder maxInboundMetadataSize(int)
com.google.common.cache.LocalCache$EntryFactory$4
androidx.core.R
androidx.core.view.accessibility.AccessibilityNodeInfoCompat$CollectionItemInfoCompat
    public static androidx.core.view.accessibility.AccessibilityNodeInfoCompat$CollectionItemInfoCompat obtain(int,int,int,int,boolean)
    public int getColumnIndex()
    public int getColumnSpan()
    public int getRowIndex()
    public int getRowSpan()
    public boolean isHeading()
    public boolean isSelected()
com.google.api.AuthProto